[debug] [2022-04-25T17:31:56.065Z] ----------------------------------------------------------------------
[debug] [2022-04-25T17:31:56.067Z] Command:       /usr/local/bin/firebase /home/tgodkev/.cache/firebase/tools/lib/node_modules/firebase-tools/lib/bin/firebase deploy
[debug] [2022-04-25T17:31:56.067Z] CLI Version:   9.23.0
[debug] [2022-04-25T17:31:56.067Z] Platform:      linux
[debug] [2022-04-25T17:31:56.067Z] Node Version:  v12.18.1
[debug] [2022-04-25T17:31:56.108Z] Time:          Mon Apr 25 2022 13:31:56 GMT-0400 (Eastern Daylight Time)
[debug] [2022-04-25T17:31:56.108Z] ----------------------------------------------------------------------
[debug] 
[debug] [2022-04-25T17:31:56.111Z] >>> [apiv2][query] GET https://firebase-public.firebaseio.com/cli.json [none]
[debug] [2022-04-25T17:31:56.314Z] > command requires scopes: ["email","openid","https://www.googleapis.com/auth/cloudplatformprojects.readonly","https://www.googleapis.com/auth/firebase","https://www.googleapis.com/auth/cloud-platform"]
[debug] [2022-04-25T17:31:56.315Z] > authorizing via signed-in user (tgodkev@gmail.com)
[debug] [2022-04-25T17:31:56.315Z] [iam] checking project portfolio-834bd for permissions ["firebase.projects.get","firebasehosting.sites.update"]
[debug] [2022-04-25T17:31:56.317Z] > refreshing access token with scopes: ["email","https://www.googleapis.com/auth/cloud-platform","https://www.googleapis.com/auth/cloudplatformprojects.readonly","https://www.googleapis.com/auth/firebase","openid"]
[debug] [2022-04-25T17:31:56.317Z] >>> HTTP REQUEST POST https://www.googleapis.com/oauth2/v3/token  
 <request body omitted>
[debug] [2022-04-25T17:31:56.671Z] <<< HTTP RESPONSE 200 {"date":"Mon, 25 Apr 2022 17:31:56 GMT","pragma":"no-cache","expires":"Mon, 01 Jan 1990 00:00:00 GMT","cache-control":"no-cache, no-store, max-age=0, must-revalidate","content-type":"application/json; charset=utf-8","vary":"X-Origin, Referer, Origin,Accept-Encoding","server":"scaffolding on HTTPServer2","x-xss-protection":"0","x-frame-options":"SAMEORIGIN","x-content-type-options":"nosniff","alt-svc":"h3=\":443\"; ma=2592000,h3-29=\":443\"; ma=2592000,h3-Q050=\":443\"; ma=2592000,h3-Q046=\":443\"; ma=2592000,h3-Q043=\":443\"; ma=2592000,quic=\":443\"; ma=2592000; v=\"46,43\"","accept-ranges":"none","transfer-encoding":"chunked"}
[debug] [2022-04-25T17:31:56.752Z] >>> HTTP REQUEST POST https://cloudresourcemanager.googleapis.com/v1/projects/portfolio-834bd:testIamPermissions  
 {"permissions":["firebase.projects.get","firebasehosting.sites.update"]}
[debug] [2022-04-25T17:31:56.951Z] <<< [apiv2][status] GET https://firebase-public.firebaseio.com/cli.json 200
[debug] [2022-04-25T17:31:56.952Z] <<< [apiv2][body] GET https://firebase-public.firebaseio.com/cli.json {"cloudBuildErrorAfter":1594252800000,"cloudBuildWarnAfter":1590019200000,"defaultNode10After":1594252800000,"minVersion":"3.0.5","node8DeploysDisabledAfter":1613390400000,"node8RuntimeDisabledAfter":1615809600000,"node8WarnAfter":1600128000000}
[debug] [2022-04-25T17:31:57.301Z] <<< HTTP RESPONSE 200 {"content-type":"application/json; charset=UTF-8","vary":"X-Origin, Referer, Origin,Accept-Encoding","date":"Mon, 25 Apr 2022 17:31:57 GMT","server":"ESF","cache-control":"private","x-xss-protection":"0","x-frame-options":"SAMEORIGIN","x-content-type-options":"nosniff","server-timing":"gfet4t7; dur=170","alt-svc":"h3=\":443\"; ma=2592000,h3-29=\":443\"; ma=2592000,h3-Q050=\":443\"; ma=2592000,h3-Q046=\":443\"; ma=2592000,h3-Q043=\":443\"; ma=2592000,quic=\":443\"; ma=2592000; v=\"46,43\"","accept-ranges":"none","transfer-encoding":"chunked"}
[debug] [2022-04-25T17:31:57.304Z] > refreshing access token with scopes: []
[debug] [2022-04-25T17:31:57.304Z] >>> HTTP REQUEST POST https://www.googleapis.com/oauth2/v3/token  
 <request body omitted>
[debug] [2022-04-25T17:31:57.626Z] <<< HTTP RESPONSE 200 {"date":"Mon, 25 Apr 2022 17:31:57 GMT","expires":"Mon, 01 Jan 1990 00:00:00 GMT","pragma":"no-cache","cache-control":"no-cache, no-store, max-age=0, must-revalidate","content-type":"application/json; charset=utf-8","vary":"X-Origin, Referer, Origin,Accept-Encoding","server":"scaffolding on HTTPServer2","x-xss-protection":"0","x-frame-options":"SAMEORIGIN","x-content-type-options":"nosniff","alt-svc":"h3=\":443\"; ma=2592000,h3-29=\":443\"; ma=2592000,h3-Q050=\":443\"; ma=2592000,h3-Q046=\":443\"; ma=2592000,h3-Q043=\":443\"; ma=2592000,quic=\":443\"; ma=2592000; v=\"46,43\"","accept-ranges":"none","transfer-encoding":"chunked"}
[debug] [2022-04-25T17:31:57.723Z] >>> [apiv2][query] GET https://firebase.googleapis.com/v1beta1/projects/portfolio-834bd [none]
[debug] [2022-04-25T17:31:58.235Z] <<< [apiv2][status] GET https://firebase.googleapis.com/v1beta1/projects/portfolio-834bd 200
[debug] [2022-04-25T17:31:58.235Z] <<< [apiv2][body] GET https://firebase.googleapis.com/v1beta1/projects/portfolio-834bd {"projectId":"portfolio-834bd","projectNumber":"58109007297","displayName":"Portfolio","name":"projects/portfolio-834bd","resources":{"hostingSite":"portfolio-834bd"},"state":"ACTIVE"}
[info] 
[info] === Deploying to 'portfolio-834bd'...
[info] 
[info] i  deploying hosting 
[debug] [2022-04-25T17:31:58.245Z] > refreshing access token with scopes: ["email","https://www.googleapis.com/auth/cloud-platform","https://www.googleapis.com/auth/cloudplatformprojects.readonly","https://www.googleapis.com/auth/firebase","openid"]
[debug] [2022-04-25T17:31:58.246Z] >>> HTTP REQUEST POST https://www.googleapis.com/oauth2/v3/token  
 <request body omitted>
[debug] [2022-04-25T17:31:58.518Z] <<< HTTP RESPONSE 200 {"expires":"Mon, 01 Jan 1990 00:00:00 GMT","date":"Mon, 25 Apr 2022 17:31:58 GMT","cache-control":"no-cache, no-store, max-age=0, must-revalidate","pragma":"no-cache","content-type":"application/json; charset=utf-8","vary":"X-Origin, Referer, Origin,Accept-Encoding","server":"scaffolding on HTTPServer2","x-xss-protection":"0","x-frame-options":"SAMEORIGIN","x-content-type-options":"nosniff","alt-svc":"h3=\":443\"; ma=2592000,h3-29=\":443\"; ma=2592000,h3-Q050=\":443\"; ma=2592000,h3-Q046=\":443\"; ma=2592000,h3-Q043=\":443\"; ma=2592000,quic=\":443\"; ma=2592000; v=\"46,43\"","accept-ranges":"none","transfer-encoding":"chunked"}
[debug] [2022-04-25T17:31:58.614Z] >>> HTTP REQUEST POST https://firebasehosting.googleapis.com/v1beta1/sites/portfolio-834bd/versions  
 {"config":{"rewrites":[{"glob":"**","path":"/index.html"}]},"labels":{"deployment-tool":"cli-firebase"}}
[debug] [2022-04-25T17:31:59.333Z] <<< HTTP RESPONSE 200 {"content-type":"application/json; charset=UTF-8","vary":"X-Origin, Referer, Origin,Accept-Encoding","date":"Mon, 25 Apr 2022 17:31:59 GMT","server":"ESF","cache-control":"private","x-xss-protection":"0","x-frame-options":"SAMEORIGIN","x-content-type-options":"nosniff","alt-svc":"h3=\":443\"; ma=2592000,h3-29=\":443\"; ma=2592000,h3-Q050=\":443\"; ma=2592000,h3-Q046=\":443\"; ma=2592000,h3-Q043=\":443\"; ma=2592000,quic=\":443\"; ma=2592000; v=\"46,43\"","accept-ranges":"none","transfer-encoding":"chunked"}
[info] i  hosting[portfolio-834bd]: beginning deploy... 
[info] i  hosting[portfolio-834bd]: found 9 files in build 
[debug] [2022-04-25T17:31:59.465Z] > refreshing access token with scopes: []
[debug] [2022-04-25T17:31:59.466Z] >>> HTTP REQUEST POST https://www.googleapis.com/oauth2/v3/token  
 <request body omitted>
[debug] [2022-04-25T17:31:59.476Z] [hosting] hash cache [YnVpbGQ] stored for 9 files
[debug] [2022-04-25T17:31:59.476Z] [hosting][hash queue][FINAL] {"max":110,"min":4,"avg":17.666666666666668,"active":0,"complete":9,"success":9,"errored":0,"retried":0,"total":9,"elapsed":123}
[debug] [2022-04-25T17:31:59.705Z] <<< HTTP RESPONSE 200 {"pragma":"no-cache","expires":"Mon, 01 Jan 1990 00:00:00 GMT","cache-control":"no-cache, no-store, max-age=0, must-revalidate","date":"Mon, 25 Apr 2022 17:31:59 GMT","content-type":"application/json; charset=utf-8","vary":"X-Origin, Referer, Origin,Accept-Encoding","server":"scaffolding on HTTPServer2","x-xss-protection":"0","x-frame-options":"SAMEORIGIN","x-content-type-options":"nosniff","alt-svc":"h3=\":443\"; ma=2592000,h3-29=\":443\"; ma=2592000,h3-Q050=\":443\"; ma=2592000,h3-Q046=\":443\"; ma=2592000,h3-Q043=\":443\"; ma=2592000,quic=\":443\"; ma=2592000; v=\"46,43\"","accept-ranges":"none","transfer-encoding":"chunked"}
[debug] [2022-04-25T17:31:59.800Z] >>> [apiv2][query] POST https://firebasehosting.googleapis.com/v1beta1/sites/portfolio-834bd/versions/eb3b60717b99b137:populateFiles [none]
[debug] [2022-04-25T17:31:59.800Z] >>> [apiv2][body] POST https://firebasehosting.googleapis.com/v1beta1/sites/portfolio-834bd/versions/eb3b60717b99b137:populateFiles {"files":{"/asset-manifest.json":"30dc611bc4bdb94b16d019654f0b69efb3a97349989fa1886e1a5061432c8db4","/index.html":"c9837879c6eeee0d000cf64d1f3dae652f12ce2933431db469559c8c77c32cf2","/manifest.json":"0958a5e0c831126100c8c2d06a6bbaa665a3900f21aaff4130238a6f5a113aa1","/robots.txt":"2544ca049f223a42bff01f72ad930a5edba75bbb7199d0f8430a02ff5aca16ec","/static/js/main.29dc7b48.js.LICENSE.txt":"49cbbdf9f5b529c91fa4386469c9016755b14ccdfee1589d1715baef0e60760f","/static/media/wordpress.109f3313fec030d53361.png":"89519c7f39fe7dcba10063b78e9e00cd578e66481cccd44ef5c55cc176e79064","/styles.css":"c0f613eb8cc0bce6bfddad3ccceab3510bcf4a9dd0818904db1a2ca76f20860c","/static/js/main.29dc7b48.js":"2e264fae3925e43502782939c570eef058b1d15d3411263a5bb05088fbfa00cb","/static/js/main.29dc7b48.js.map":"10221a1f4d85f1d74fff9eba6e7ed6d0b7bc4058088457c2d6de66f5e5224131"}}
[debug] [2022-04-25T17:32:00.282Z] <<< [apiv2][status] POST https://firebasehosting.googleapis.com/v1beta1/sites/portfolio-834bd/versions/eb3b60717b99b137:populateFiles 200
[debug] [2022-04-25T17:32:00.282Z] <<< [apiv2][body] POST https://firebasehosting.googleapis.com/v1beta1/sites/portfolio-834bd/versions/eb3b60717b99b137:populateFiles {"uploadRequiredHashes":["89519c7f39fe7dcba10063b78e9e00cd578e66481cccd44ef5c55cc176e79064","c0f613eb8cc0bce6bfddad3ccceab3510bcf4a9dd0818904db1a2ca76f20860c","2e264fae3925e43502782939c570eef058b1d15d3411263a5bb05088fbfa00cb","10221a1f4d85f1d74fff9eba6e7ed6d0b7bc4058088457c2d6de66f5e5224131","30dc611bc4bdb94b16d019654f0b69efb3a97349989fa1886e1a5061432c8db4","c9837879c6eeee0d000cf64d1f3dae652f12ce2933431db469559c8c77c32cf2"],"uploadUrl":"https://upload-firebasehosting.googleapis.com/upload/sites/portfolio-834bd/versions/eb3b60717b99b137/files"}
[debug] [2022-04-25T17:32:00.288Z] >>> [apiv2][query] POST https://upload-firebasehosting.googleapis.com/upload/sites/portfolio-834bd/versions/eb3b60717b99b137/files/89519c7f39fe7dcba10063b78e9e00cd578e66481cccd44ef5c55cc176e79064 [none]
[debug] [2022-04-25T17:32:00.289Z] >>> [apiv2][body] POST https://upload-firebasehosting.googleapis.com/upload/sites/portfolio-834bd/versions/eb3b60717b99b137/files/89519c7f39fe7dcba10063b78e9e00cd578e66481cccd44ef5c55cc176e79064 [stream]
[debug] [2022-04-25T17:32:00.292Z] >>> [apiv2][query] POST https://upload-firebasehosting.googleapis.com/upload/sites/portfolio-834bd/versions/eb3b60717b99b137/files/c0f613eb8cc0bce6bfddad3ccceab3510bcf4a9dd0818904db1a2ca76f20860c [none]
[debug] [2022-04-25T17:32:00.292Z] >>> [apiv2][body] POST https://upload-firebasehosting.googleapis.com/upload/sites/portfolio-834bd/versions/eb3b60717b99b137/files/c0f613eb8cc0bce6bfddad3ccceab3510bcf4a9dd0818904db1a2ca76f20860c [stream]
[debug] [2022-04-25T17:32:00.294Z] >>> [apiv2][query] POST https://upload-firebasehosting.googleapis.com/upload/sites/portfolio-834bd/versions/eb3b60717b99b137/files/2e264fae3925e43502782939c570eef058b1d15d3411263a5bb05088fbfa00cb [none]
[debug] [2022-04-25T17:32:00.295Z] >>> [apiv2][body] POST https://upload-firebasehosting.googleapis.com/upload/sites/portfolio-834bd/versions/eb3b60717b99b137/files/2e264fae3925e43502782939c570eef058b1d15d3411263a5bb05088fbfa00cb [stream]
[debug] [2022-04-25T17:32:00.297Z] >>> [apiv2][query] POST https://upload-firebasehosting.googleapis.com/upload/sites/portfolio-834bd/versions/eb3b60717b99b137/files/10221a1f4d85f1d74fff9eba6e7ed6d0b7bc4058088457c2d6de66f5e5224131 [none]
[debug] [2022-04-25T17:32:00.297Z] >>> [apiv2][body] POST https://upload-firebasehosting.googleapis.com/upload/sites/portfolio-834bd/versions/eb3b60717b99b137/files/10221a1f4d85f1d74fff9eba6e7ed6d0b7bc4058088457c2d6de66f5e5224131 [stream]
[debug] [2022-04-25T17:32:00.300Z] >>> [apiv2][query] POST https://upload-firebasehosting.googleapis.com/upload/sites/portfolio-834bd/versions/eb3b60717b99b137/files/30dc611bc4bdb94b16d019654f0b69efb3a97349989fa1886e1a5061432c8db4 [none]
[debug] [2022-04-25T17:32:00.300Z] >>> [apiv2][body] POST https://upload-firebasehosting.googleapis.com/upload/sites/portfolio-834bd/versions/eb3b60717b99b137/files/30dc611bc4bdb94b16d019654f0b69efb3a97349989fa1886e1a5061432c8db4 [stream]
[debug] [2022-04-25T17:32:00.303Z] >>> [apiv2][query] POST https://upload-firebasehosting.googleapis.com/upload/sites/portfolio-834bd/versions/eb3b60717b99b137/files/c9837879c6eeee0d000cf64d1f3dae652f12ce2933431db469559c8c77c32cf2 [none]
[debug] [2022-04-25T17:32:00.303Z] >>> [apiv2][body] POST https://upload-firebasehosting.googleapis.com/upload/sites/portfolio-834bd/versions/eb3b60717b99b137/files/c9837879c6eeee0d000cf64d1f3dae652f12ce2933431db469559c8c77c32cf2 [stream]
[debug] [2022-04-25T17:32:00.305Z] [hosting][populate queue][FINAL] {"max":823,"min":823,"avg":823,"active":0,"complete":1,"success":1,"errored":0,"retried":0,"total":1,"elapsed":840}
[debug] [2022-04-25T17:32:00.306Z] [hosting] uploads queued: 6
